<?xml version="1.0" encoding="UTF-8"?>
<!-- Generated by org.testng.reporters.JUnitReportReporter -->
<testsuite skipped="0" hostname="RayDesktop" name="testCases.apiDemo.ApiDemoTest" tests="2" failures="0" timestamp="2020-09-24T12:42:00 EDT" time="49.276" errors="0">
  <testcase name="apiDemoTest" time="26.967" classname="testCases.apiDemo.ApiDemoTest"/>
  <system-out/>
  <testcase name="apiDemoTest" time="22.309" classname="testCases.apiDemo.ApiDemoTest"/>
  <system-out/>
</testsuite> <!-- testCases.apiDemo.ApiDemoTest -->
