<?xml version="1.0" encoding="UTF-8"?>
<!-- Generated by org.testng.reporters.JUnitReportReporter -->
<testsuite skipped="0" hostname="RayDesktop" name="testCases.apiDemo.ApiDemoTest" tests="2" failures="0" timestamp="2020-09-24T15:03:04 EDT" time="48.348" errors="0">
  <testcase name="apiDemoTest" time="23.324" classname="testCases.apiDemo.ApiDemoTest"/>
  <system-out/>
  <testcase name="apiDemoTest" time="25.024" classname="testCases.apiDemo.ApiDemoTest"/>
  <system-out/>
</testsuite> <!-- testCases.apiDemo.ApiDemoTest -->
