<?xml version="1.0" encoding="UTF-8"?>
<!-- Generated by org.testng.reporters.JUnitReportReporter -->
<testsuite skipped="0" hostname="RayDesktop" name="testCases.generalStore.TC2_AddingProducts" tests="1" failures="0" timestamp="2020-09-24T15:33:21 EDT" time="32.189" errors="0">
  <testcase name="addingProducts" time="32.189" classname="testCases.generalStore.TC2_AddingProducts"/>
  <system-out/>
</testsuite> <!-- testCases.generalStore.TC2_AddingProducts -->
